2015-09-24 09:50:35 [main][org.springframework.context.support.ClassPathXmlApplicationContext][495]-[INFO] Refreshing org.springframework.context.support.ClassPathXmlApplicationContext@15615099: startup date [Thu Sep 24 09:50:35 CST 2015]; root of context hierarchy
2015-09-24 09:50:35 [main][org.springframework.beans.factory.xml.XmlBeanDefinitionReader][315]-[INFO] Loading XML bean definitions from class path resource [spring/applicationContext.xml]
2015-09-24 09:50:37 [main][org.springframework.beans.factory.config.PropertyPlaceholderConfigurer][177]-[INFO] Loading properties file from class path resource [runtime.properties]
2015-09-24 09:50:38 [main][org.springframework.beans.factory.support.DefaultListableBeanFactory][557]-[INFO] Pre-instantiating singletons in org.springframework.beans.factory.support.DefaultListableBeanFactory@4923ab24: defining beans [org.springframework.context.annotation.internalConfigurationAnnotationProcessor,org.springframework.context.annotation.internalAutowiredAnnotationProcessor,org.springframework.context.annotation.internalRequiredAnnotationProcessor,org.springframework.context.annotation.internalCommonAnnotationProcessor,propertyConfigurer,jedisPoolConfig,jedisConnectionFactory,redisTemplate,redisUtil,main,org.springframework.context.annotation.ConfigurationClassPostProcessor$ImportAwareBeanPostProcessor#0]; root of factory hierarchy
2015-09-24 09:50:39 [main][com.asiainfo.billing.drescaping.EscapingAssemble][44]-[ERROR] Check password Decrypt. Decrypt password file [db2pwd] failed.
2015-09-24 09:50:39 [main][com.asiainfo.billing.drescaping.EscapingAssemble][44]-[ERROR] Check password Decrypt. Decrypt password file [db2pwd] failed.
2015-09-24 09:50:39 [main][com.asiainfo.billing.drescaping.EscapingAssemble][44]-[ERROR] Check password Decrypt. Decrypt password file [db2pwd] failed.
2015-09-24 09:50:39 [main][com.asiainfo.billing.drescaping.EscapingProcess][45]-[DEBUG] DIM_APP start...
2015-09-24 09:50:39 [main][com.asiainfo.billing.drescaping.DBBean][53]-[ERROR] java.lang.ClassNotFoundException: com.mysql.jdbc.Driver
2015-09-24 09:50:39 [main][com.asiainfo.billing.drescaping.DBBean][61]-[ERROR] Fail to create JDBC Connection from [jdbc:db2://10.1.252.69:50001/octest].
2015-09-24 10:01:03 [main][org.springframework.context.support.ClassPathXmlApplicationContext][495]-[INFO] Refreshing org.springframework.context.support.ClassPathXmlApplicationContext@368102c8: startup date [Thu Sep 24 10:01:03 CST 2015]; root of context hierarchy
2015-09-24 10:01:05 [main][org.springframework.beans.factory.xml.XmlBeanDefinitionReader][315]-[INFO] Loading XML bean definitions from class path resource [spring/applicationContext.xml]
2015-09-24 10:01:13 [main][org.springframework.beans.factory.config.PropertyPlaceholderConfigurer][177]-[INFO] Loading properties file from class path resource [runtime.properties]
2015-09-24 10:01:13 [main][org.springframework.beans.factory.support.DefaultListableBeanFactory][557]-[INFO] Pre-instantiating singletons in org.springframework.beans.factory.support.DefaultListableBeanFactory@7b69c6ba: defining beans [org.springframework.context.annotation.internalConfigurationAnnotationProcessor,org.springframework.context.annotation.internalAutowiredAnnotationProcessor,org.springframework.context.annotation.internalRequiredAnnotationProcessor,org.springframework.context.annotation.internalCommonAnnotationProcessor,propertyConfigurer,jedisPoolConfig,jedisConnectionFactory,redisTemplate,redisUtil,main,org.springframework.context.annotation.ConfigurationClassPostProcessor$ImportAwareBeanPostProcessor#0]; root of factory hierarchy
2015-09-24 10:01:16 [main][com.asiainfo.billing.drescaping.EscapingAssemble][44]-[ERROR] Check password Decrypt. Decrypt password file [db2pwd] failed.
2015-09-24 10:01:16 [main][com.asiainfo.billing.drescaping.EscapingAssemble][44]-[ERROR] Check password Decrypt. Decrypt password file [db2pwd] failed.
2015-09-24 10:01:16 [main][com.asiainfo.billing.drescaping.EscapingAssemble][44]-[ERROR] Check password Decrypt. Decrypt password file [db2pwd] failed.
2015-09-24 10:01:16 [main][com.asiainfo.billing.drescaping.EscapingProcess][45]-[DEBUG] DIM_APP start...
2015-09-24 10:01:16 [main][com.asiainfo.billing.drescaping.DBBean][57]-[ERROR] java.sql.SQLException: No suitable driver found for jdbc:db2://10.1.252.69:50001/octest
2015-09-24 10:01:16 [main][com.asiainfo.billing.drescaping.DBBean][61]-[ERROR] Fail to create JDBC Connection from [jdbc:db2://10.1.252.69:50001/octest].
2015-09-24 10:17:15 [main][org.springframework.context.support.ClassPathXmlApplicationContext][495]-[INFO] Refreshing org.springframework.context.support.ClassPathXmlApplicationContext@368102c8: startup date [Thu Sep 24 10:17:15 CST 2015]; root of context hierarchy
2015-09-24 10:17:16 [main][org.springframework.beans.factory.xml.XmlBeanDefinitionReader][315]-[INFO] Loading XML bean definitions from class path resource [spring/applicationContext.xml]
2015-09-24 10:17:18 [main][org.springframework.beans.factory.config.PropertyPlaceholderConfigurer][177]-[INFO] Loading properties file from class path resource [runtime.properties]
2015-09-24 10:17:18 [main][org.springframework.beans.factory.support.DefaultListableBeanFactory][557]-[INFO] Pre-instantiating singletons in org.springframework.beans.factory.support.DefaultListableBeanFactory@7b69c6ba: defining beans [org.springframework.context.annotation.internalConfigurationAnnotationProcessor,org.springframework.context.annotation.internalAutowiredAnnotationProcessor,org.springframework.context.annotation.internalRequiredAnnotationProcessor,org.springframework.context.annotation.internalCommonAnnotationProcessor,propertyConfigurer,jedisPoolConfig,jedisConnectionFactory,redisTemplate,redisUtil,main,org.springframework.context.annotation.ConfigurationClassPostProcessor$ImportAwareBeanPostProcessor#0]; root of factory hierarchy
2015-09-24 10:17:20 [main][com.asiainfo.billing.drescaping.EscapingAssemble][44]-[ERROR] Check password Decrypt. Decrypt password file [db2pwd] failed.
2015-09-24 10:17:20 [main][com.asiainfo.billing.drescaping.EscapingAssemble][44]-[ERROR] Check password Decrypt. Decrypt password file [db2pwd] failed.
2015-09-24 10:17:20 [main][com.asiainfo.billing.drescaping.EscapingAssemble][44]-[ERROR] Check password Decrypt. Decrypt password file [db2pwd] failed.
2015-09-24 10:17:20 [main][com.asiainfo.billing.drescaping.EscapingProcess][45]-[DEBUG] DIM_APP start...
2015-09-24 10:17:20 [main][com.asiainfo.billing.drescaping.DBBean][53]-[ERROR] java.lang.ClassNotFoundException: com.ibm.db2.jcc.DB2Driver
2015-09-24 10:17:20 [main][com.asiainfo.billing.drescaping.DBBean][61]-[ERROR] Fail to create JDBC Connection from [jdbc:db2://10.1.252.69:50001/octest].
2015-09-24 10:34:45 [main][org.springframework.context.support.ClassPathXmlApplicationContext][495]-[INFO] Refreshing org.springframework.context.support.ClassPathXmlApplicationContext@1963006a: startup date [Thu Sep 24 10:34:45 CST 2015]; root of context hierarchy
2015-09-24 10:34:46 [main][org.springframework.beans.factory.xml.XmlBeanDefinitionReader][315]-[INFO] Loading XML bean definitions from class path resource [spring/applicationContext.xml]
2015-09-24 10:34:48 [main][org.springframework.beans.factory.config.PropertyPlaceholderConfigurer][177]-[INFO] Loading properties file from class path resource [runtime.properties]
2015-09-24 10:34:48 [main][org.springframework.beans.factory.support.DefaultListableBeanFactory][557]-[INFO] Pre-instantiating singletons in org.springframework.beans.factory.support.DefaultListableBeanFactory@12f41634: defining beans [org.springframework.context.annotation.internalConfigurationAnnotationProcessor,org.springframework.context.annotation.internalAutowiredAnnotationProcessor,org.springframework.context.annotation.internalRequiredAnnotationProcessor,org.springframework.context.annotation.internalCommonAnnotationProcessor,propertyConfigurer,jedisPoolConfig,jedisConnectionFactory,redisTemplate,redisUtil,main,org.springframework.context.annotation.ConfigurationClassPostProcessor$ImportAwareBeanPostProcessor#0]; root of factory hierarchy
2015-09-24 10:34:50 [main][com.asiainfo.billing.drescaping.EscapingAssemble][44]-[ERROR] Check password Decrypt. Decrypt password file [db2pwd] failed.
2015-09-24 10:34:50 [main][com.asiainfo.billing.drescaping.EscapingAssemble][44]-[ERROR] Check password Decrypt. Decrypt password file [db2pwd] failed.
2015-09-24 10:34:50 [main][com.asiainfo.billing.drescaping.EscapingAssemble][44]-[ERROR] Check password Decrypt. Decrypt password file [db2pwd] failed.
2015-09-24 10:34:50 [main][com.asiainfo.billing.drescaping.EscapingProcess][45]-[DEBUG] DIM_APP start...
2015-09-24 10:34:50 [main][com.asiainfo.billing.drescaping.DBBean][57]-[ERROR] com.ibm.db2.jcc.am.mo: [jcc][t4][10107][11233][4.7.85] 不允许密码长度为 0。 ERRORCODE=-4461, SQLSTATE=42815
2015-09-24 10:34:50 [main][com.asiainfo.billing.drescaping.DBBean][61]-[ERROR] Fail to create JDBC Connection from [jdbc:db2://10.1.252.69:50001/octest].
